<?xml version="1.0" encoding="UTF-8"?>
<testsuite name="vaildation.BeanValidationTest" tests="1" skipped="0" failures="0" errors="0" timestamp="2024-06-26T17:52:58" hostname="hansanghuiui-MacBookAir.local" time="0.542">
  <properties/>
  <testcase name="beanValidation()" classname="vaildation.BeanValidationTest" time="0.542"/>
  <system-out><![CDATA[02:52:58.275 [Test worker] DEBUG org.jboss.logging - Logging Provider: org.jboss.logging.Log4j2LoggerProvider
02:52:58.280 [Test worker] INFO org.hibernate.validator.internal.util.Version - HV000001: Hibernate Validator 6.1.7.Final
02:52:58.287 [Test worker] DEBUG org.hibernate.validator.internal.xml.config.ValidationXmlParser - Trying to load META-INF/validation.xml for XML based Validator configuration.
02:52:58.289 [Test worker] DEBUG org.hibernate.validator.internal.xml.config.ResourceLoaderHelper - Trying to load META-INF/validation.xml via TCCL
02:52:58.290 [Test worker] DEBUG org.hibernate.validator.internal.xml.config.ResourceLoaderHelper - Trying to load META-INF/validation.xml via Hibernate Validator's class loader
02:52:58.291 [Test worker] DEBUG org.hibernate.validator.internal.xml.config.ValidationXmlParser - No META-INF/validation.xml found. Using annotation based configuration only.
02:52:58.295 [Test worker] DEBUG org.hibernate.validator.internal.engine.resolver.TraversableResolvers - Cannot find javax.persistence.Persistence on classpath. Assuming non JPA 2 environment. All properties will per default be traversable.
02:52:58.321 [Test worker] DEBUG org.hibernate.validator.messageinterpolation.ResourceBundleMessageInterpolator - Loaded expression factory via original TCCL
02:52:58.438 [Test worker] DEBUG org.hibernate.validator.internal.engine.ValidatorFactoryConfigurationHelper - HV000252: Using org.hibernate.validator.internal.engine.DefaultPropertyNodeNameProvider as property node name provider.
02:52:58.446 [Test worker] DEBUG org.hibernate.validator.internal.engine.ValidatorFactoryConfigurationHelper - HV000234: Using org.hibernate.validator.messageinterpolation.ResourceBundleMessageInterpolator as ValidatorFactory-scoped message interpolator.
02:52:58.446 [Test worker] DEBUG org.hibernate.validator.internal.engine.ValidatorFactoryConfigurationHelper - HV000234: Using org.hibernate.validator.internal.engine.resolver.TraverseAllTraversableResolver as ValidatorFactory-scoped traversable resolver.
02:52:58.447 [Test worker] DEBUG org.hibernate.validator.internal.engine.ValidatorFactoryConfigurationHelper - HV000234: Using org.hibernate.validator.internal.util.ExecutableParameterNameProvider as ValidatorFactory-scoped parameter name provider.
02:52:58.447 [Test worker] DEBUG org.hibernate.validator.internal.engine.ValidatorFactoryConfigurationHelper - HV000234: Using org.hibernate.validator.internal.engine.DefaultClockProvider as ValidatorFactory-scoped clock provider.
02:52:58.447 [Test worker] DEBUG org.hibernate.validator.internal.engine.ValidatorFactoryConfigurationHelper - HV000234: Using org.hibernate.validator.internal.engine.scripting.DefaultScriptEvaluatorFactory as ValidatorFactory-scoped script evaluator factory.
02:52:58.536 [Test worker] DEBUG org.hibernate.validator.internal.metadata.descriptor.ConstraintDescriptorImpl - Adding composing constraint: ConstraintDescriptorImpl{annotation=j.v.c.Min, payloads=[], hasComposingConstraints=true, isReportAsSingleInvalidConstraint=false, constraintLocationKind=FIELD, definedOn=DEFINED_LOCALLY, groups=[interface javax.validation.groups.Default], attributes={groups=[Ljava.lang.Class;@10320a87, message={javax.validation.constraints.Min.message}, value=1000, payload=[Ljava.lang.Class;@3ba1442e}, constraintType=GENERIC, valueUnwrapping=DEFAULT}.
02:52:58.538 [Test worker] DEBUG org.hibernate.validator.internal.metadata.descriptor.ConstraintDescriptorImpl - Adding composing constraint: ConstraintDescriptorImpl{annotation=j.v.c.Max, payloads=[], hasComposingConstraints=true, isReportAsSingleInvalidConstraint=false, constraintLocationKind=FIELD, definedOn=DEFINED_LOCALLY, groups=[interface javax.validation.groups.Default], attributes={groups=[Ljava.lang.Class;@74140c, message={javax.validation.constraints.Max.message}, value=1000000, payload=[Ljava.lang.Class;@3145a018}, constraintType=GENERIC, valueUnwrapping=DEFAULT}.
02:52:58.608 [Test worker] DEBUG org.hibernate.validator.resourceloading.PlatformResourceBundleLocator - ValidationMessages not found.
02:52:58.612 [Test worker] DEBUG org.hibernate.validator.resourceloading.PlatformResourceBundleLocator - ContributorValidationMessages not found.
02:52:58.626 [Test worker] DEBUG org.hibernate.validator.resourceloading.PlatformResourceBundleLocator - org.hibernate.validator.ValidationMessages found.
02:52:58.639 [Test worker] DEBUG org.hibernate.validator.resourceloading.PlatformResourceBundleLocator - ValidationMessages not found.
02:52:58.640 [Test worker] DEBUG org.hibernate.validator.resourceloading.PlatformResourceBundleLocator - ContributorValidationMessages not found.
02:52:58.640 [Test worker] DEBUG org.hibernate.validator.resourceloading.PlatformResourceBundleLocator - org.hibernate.validator.ValidationMessages found.
02:52:58.643 [Test worker] DEBUG org.hibernate.validator.resourceloading.PlatformResourceBundleLocator - ValidationMessages not found.
02:52:58.643 [Test worker] DEBUG org.hibernate.validator.resourceloading.PlatformResourceBundleLocator - ContributorValidationMessages not found.
02:52:58.643 [Test worker] DEBUG org.hibernate.validator.resourceloading.PlatformResourceBundleLocator - org.hibernate.validator.ValidationMessages found.
violation = ConstraintViolationImpl{interpolatedMessage='1000에서 1000000 사이여야 합니다', propertyPath=price, rootBeanClass=class hello.itemservice.domain.item.Item, messageTemplate='{org.hibernate.validator.constraints.Range.message}'}
violation = 1000에서 1000000 사이여야 합니다
violation = ConstraintViolationImpl{interpolatedMessage='9999 이하여야 합니다', propertyPath=quantity, rootBeanClass=class hello.itemservice.domain.item.Item, messageTemplate='{javax.validation.constraints.Max.message}'}
violation = 9999 이하여야 합니다
violation = ConstraintViolationImpl{interpolatedMessage='공백일 수 없습니다', propertyPath=itemName, rootBeanClass=class hello.itemservice.domain.item.Item, messageTemplate='{javax.validation.constraints.NotBlank.message}'}
violation = 공백일 수 없습니다
]]></system-out>
  <system-err><![CDATA[]]></system-err>
</testsuite>
