<?xml version="1.0" encoding="UTF-8"?>
<testsuite name="hello.itemservice.message.MessageSourceTest" tests="1" skipped="0" failures="0" errors="0" timestamp="2024-06-12T05:49:26" hostname="hansanghuiui-MacBookAir.local" time="0.192">
  <properties/>
  <testcase name="enLang()" classname="hello.itemservice.message.MessageSourceTest" time="0.192"/>
  <system-out><![CDATA[14:49:25.132 [Test worker] DEBUG org.springframework.test.context.BootstrapUtils - Instantiating CacheAwareContextLoaderDelegate from class [org.springframework.test.context.cache.DefaultCacheAwareContextLoaderDelegate]
14:49:25.138 [Test worker] DEBUG org.springframework.test.context.BootstrapUtils - Instantiating BootstrapContext using constructor [public org.springframework.test.context.support.DefaultBootstrapContext(java.lang.Class,org.springframework.test.context.CacheAwareContextLoaderDelegate)]
14:49:25.157 [Test worker] DEBUG org.springframework.test.context.BootstrapUtils - Instantiating TestContextBootstrapper for test class [hello.itemservice.message.MessageSourceTest] from class [org.springframework.boot.test.context.SpringBootTestContextBootstrapper]
14:49:25.163 [Test worker] INFO org.springframework.boot.test.context.SpringBootTestContextBootstrapper - Neither @ContextConfiguration nor @ContextHierarchy found for test class [hello.itemservice.message.MessageSourceTest], using SpringBootContextLoader
14:49:25.165 [Test worker] DEBUG org.springframework.test.context.support.AbstractContextLoader - Did not detect default resource location for test class [hello.itemservice.message.MessageSourceTest]: class path resource [hello/itemservice/message/MessageSourceTest-context.xml] does not exist
14:49:25.165 [Test worker] DEBUG org.springframework.test.context.support.AbstractContextLoader - Did not detect default resource location for test class [hello.itemservice.message.MessageSourceTest]: class path resource [hello/itemservice/message/MessageSourceTestContext.groovy] does not exist
14:49:25.165 [Test worker] INFO org.springframework.test.context.support.AbstractContextLoader - Could not detect default resource locations for test class [hello.itemservice.message.MessageSourceTest]: no resource found for suffixes {-context.xml, Context.groovy}.
14:49:25.165 [Test worker] INFO org.springframework.test.context.support.AnnotationConfigContextLoaderUtils - Could not detect default configuration classes for test class [hello.itemservice.message.MessageSourceTest]: MessageSourceTest does not declare any static, non-private, non-final, nested classes annotated with @Configuration.
14:49:25.189 [Test worker] DEBUG org.springframework.test.context.support.ActiveProfilesUtils - Could not find an 'annotation declaring class' for annotation type [org.springframework.test.context.ActiveProfiles] and class [hello.itemservice.message.MessageSourceTest]
14:49:25.221 [Test worker] DEBUG org.springframework.context.annotation.ClassPathScanningCandidateComponentProvider - Identified candidate component class: file [/Users/hansanghui/Java8-Spring/상희/자바-MVC-2편/message/build/classes/java/main/hello/itemservice/ItemServiceApplication.class]
14:49:25.223 [Test worker] INFO org.springframework.boot.test.context.SpringBootTestContextBootstrapper - Found @SpringBootConfiguration hello.itemservice.ItemServiceApplication for test class hello.itemservice.message.MessageSourceTest
14:49:25.277 [Test worker] DEBUG org.springframework.boot.test.context.SpringBootTestContextBootstrapper - @TestExecutionListeners is not present for class [hello.itemservice.message.MessageSourceTest]: using defaults.
14:49:25.277 [Test worker] INFO org.springframework.boot.test.context.SpringBootTestContextBootstrapper - Loaded default TestExecutionListener class names from location [META-INF/spring.factories]: [org.springframework.boot.test.autoconfigure.restdocs.RestDocsTestExecutionListener, org.springframework.boot.test.autoconfigure.web.client.MockRestServiceServerResetTestExecutionListener, org.springframework.boot.test.autoconfigure.web.servlet.MockMvcPrintOnlyOnFailureTestExecutionListener, org.springframework.boot.test.autoconfigure.web.servlet.WebDriverTestExecutionListener, org.springframework.boot.test.autoconfigure.webservices.client.MockWebServiceServerTestExecutionListener, org.springframework.boot.test.mock.mockito.MockitoTestExecutionListener, org.springframework.boot.test.mock.mockito.ResetMocksTestExecutionListener, org.springframework.test.context.web.ServletTestExecutionListener, org.springframework.test.context.support.DirtiesContextBeforeModesTestExecutionListener, org.springframework.test.context.event.ApplicationEventsTestExecutionListener, org.springframework.test.context.support.DependencyInjectionTestExecutionListener, org.springframework.test.context.support.DirtiesContextTestExecutionListener, org.springframework.test.context.transaction.TransactionalTestExecutionListener, org.springframework.test.context.jdbc.SqlScriptsTestExecutionListener, org.springframework.test.context.event.EventPublishingTestExecutionListener]
14:49:25.284 [Test worker] DEBUG org.springframework.boot.test.context.SpringBootTestContextBootstrapper - Skipping candidate TestExecutionListener [org.springframework.test.context.transaction.TransactionalTestExecutionListener] due to a missing dependency. Specify custom listener classes or make the default listener classes and their required dependencies available. Offending class: [org/springframework/transaction/interceptor/TransactionAttributeSource]
14:49:25.284 [Test worker] DEBUG org.springframework.boot.test.context.SpringBootTestContextBootstrapper - Skipping candidate TestExecutionListener [org.springframework.test.context.jdbc.SqlScriptsTestExecutionListener] due to a missing dependency. Specify custom listener classes or make the default listener classes and their required dependencies available. Offending class: [org/springframework/transaction/interceptor/TransactionAttribute]
14:49:25.284 [Test worker] INFO org.springframework.boot.test.context.SpringBootTestContextBootstrapper - Using TestExecutionListeners: [org.springframework.test.context.web.ServletTestExecutionListener@2823bd5a, org.springframework.test.context.support.DirtiesContextBeforeModesTestExecutionListener@57c0d5f5, org.springframework.test.context.event.ApplicationEventsTestExecutionListener@5ea2a68b, org.springframework.boot.test.mock.mockito.MockitoTestExecutionListener@ad47da, org.springframework.boot.test.autoconfigure.SpringBootDependencyInjectionTestExecutionListener@3551f3f8, org.springframework.test.context.support.DirtiesContextTestExecutionListener@64eff7da, org.springframework.test.context.event.EventPublishingTestExecutionListener@2f329332, org.springframework.boot.test.autoconfigure.restdocs.RestDocsTestExecutionListener@454b9299, org.springframework.boot.test.autoconfigure.web.client.MockRestServiceServerResetTestExecutionListener@7fbf77fb, org.springframework.boot.test.autoconfigure.web.servlet.MockMvcPrintOnlyOnFailureTestExecutionListener@64f51ef1, org.springframework.boot.test.autoconfigure.web.servlet.WebDriverTestExecutionListener@5fe5aa5e, org.springframework.boot.test.autoconfigure.webservices.client.MockWebServiceServerTestExecutionListener@46a32461, org.springframework.boot.test.mock.mockito.ResetMocksTestExecutionListener@42a793e1]
14:49:25.287 [Test worker] DEBUG org.springframework.test.context.support.AbstractDirtiesContextTestExecutionListener - Before test class: context [DefaultTestContext@5d8989aa testClass = MessageSourceTest, testInstance = [null], testMethod = [null], testException = [null], mergedContextConfiguration = [WebMergedContextConfiguration@39a3158a testClass = MessageSourceTest, locations = '{}', classes = '{class hello.itemservice.ItemServiceApplication}', contextInitializerClasses = '[]', activeProfiles = '{}', propertySourceLocations = '{}', propertySourceProperties = '{org.springframework.boot.test.context.SpringBootTestContextBootstrapper=true}', contextCustomizers = set[org.springframework.boot.test.autoconfigure.actuate.metrics.MetricsExportContextCustomizerFactory$DisableMetricExportContextCustomizer@261d0889, org.springframework.boot.test.autoconfigure.properties.PropertyMappingContextCustomizer@0, org.springframework.boot.test.autoconfigure.web.servlet.WebDriverContextCustomizerFactory$Customizer@23ee8666, org.springframework.boot.test.context.filter.ExcludeFilterContextCustomizer@19dec9a1, org.springframework.boot.test.json.DuplicateJsonObjectContextCustomizerFactory$DuplicateJsonObjectContextCustomizer@28b554ee, org.springframework.boot.test.mock.mockito.MockitoContextCustomizer@0, org.springframework.boot.test.web.client.TestRestTemplateContextCustomizer@5cd648db, org.springframework.boot.test.context.SpringBootTestArgs@1, org.springframework.boot.test.context.SpringBootTestWebEnvironment@2ec8a25d], resourceBasePath = 'src/main/webapp', contextLoader = 'org.springframework.boot.test.context.SpringBootContextLoader', parent = [null]], attributes = map['org.springframework.test.context.web.ServletTestExecutionListener.activateListener' -> true]], class annotated with @DirtiesContext [false] with mode [null].
14:49:25.319 [Test worker] DEBUG org.springframework.test.context.support.TestPropertySourceUtils - Adding inlined properties to environment: {spring.jmx.enabled=false, org.springframework.boot.test.context.SpringBootTestContextBootstrapper=true}

  .   ____          _            __ _ _
 /\\ / ___'_ __ _ _(_)_ __  __ _ \ \ \ \
( ( )\___ | '_ | '_| | '_ \/ _` | \ \ \ \
 \\/  ___)| |_)| | | | | || (_| |  ) ) ) )
  '  |____| .__|_| |_|_| |_\__, | / / / /
 =========|_|==============|___/=/_/_/_/
 :: Spring Boot ::                (v2.4.4)

2024-06-12 14:49:25.458  INFO 62129 --- [    Test worker] h.itemservice.message.MessageSourceTest  : Starting MessageSourceTest using Java 11.0.17 on hansanghuiui-MacBookAir.local with PID 62129 (started by hansanghui in /Users/hansanghui/Java8-Spring/상희/자바-MVC-2편/message)
2024-06-12 14:49:25.459  INFO 62129 --- [    Test worker] h.itemservice.message.MessageSourceTest  : No active profile set, falling back to default profiles: default
2024-06-12 14:49:26.053  INFO 62129 --- [    Test worker] o.s.s.concurrent.ThreadPoolTaskExecutor  : Initializing ExecutorService 'applicationTaskExecutor'
2024-06-12 14:49:26.108  INFO 62129 --- [    Test worker] o.s.b.a.w.s.WelcomePageHandlerMapping    : Adding welcome page: class path resource [static/index.html]
2024-06-12 14:49:26.229  INFO 62129 --- [    Test worker] h.itemservice.message.MessageSourceTest  : Started MessageSourceTest in 0.904 seconds (JVM running for 1.577)
]]></system-out>
  <system-err><![CDATA[]]></system-err>
</testsuite>
